<?xml version='1.0' encoding='UTF-8'?>
<testsuite hostname="Teh_Dovahkiin" name="Test1" tests="1" errors="0" failures="0" skipped="0" time="0.002" timestamp="2021-02-22T01:17:39">
                     <properties>
[...]
</properties>
                     <testcase classname="Test1" name="t1" time="0.002">
                                                 
                                               </testcase>
                     <system-out><![CDATA[]]></system-out>
                     <system-err><![CDATA[]]></system-err>
                   </testsuite>